Merging file coverage/count_down_fake_condition_pclk16.ucdb
Merging file coverage/count_down_fake_condition_pclk2.ucdb
Merging file coverage/count_down_fake_condition_pclk4.ucdb
Merging file coverage/count_down_fake_condition_pclk8.ucdb
Merging file coverage/count_down_reload_pclk16.ucdb
Merging file coverage/count_down_reload_pclk2.ucdb
Merging file coverage/count_down_reload_pclk4.ucdb
Merging file coverage/count_down_reload_pclk8.ucdb
Merging file coverage/count_down_reset_pclk16.ucdb
Merging file coverage/count_down_reset_pclk2.ucdb
Merging file coverage/count_down_reset_pclk4.ucdb
Merging file coverage/count_down_reset_pclk8.ucdb
Merging file coverage/count_down_underflow_pclk16.ucdb
Merging file coverage/count_down_underflow_pclk16_pause.ucdb
Merging file coverage/count_down_underflow_pclk2.ucdb
Merging file coverage/count_down_underflow_pclk2_pause.ucdb
Merging file coverage/count_down_underflow_pclk2_random.ucdb
Merging file coverage/count_down_underflow_pclk4.ucdb
Merging file coverage/count_down_underflow_pclk4_pause.ucdb
Merging file coverage/count_down_underflow_pclk8.ucdb
Merging file coverage/count_down_underflow_pclk8_pause.ucdb
Merging file coverage/count_up_fake_condition_pclk16.ucdb
Merging file coverage/count_up_fake_condition_pclk2.ucdb
Merging file coverage/count_up_fake_condition_pclk4.ucdb
Merging file coverage/count_up_fake_condition_pclk8.ucdb
Merging file coverage/count_up_overflow_pclk16.ucdb
Merging file coverage/count_up_overflow_pclk16_pause.ucdb
Merging file coverage/count_up_overflow_pclk2.ucdb
Merging file coverage/count_up_overflow_pclk2_pause.ucdb
Merging file coverage/count_up_overflow_pclk4.ucdb
Merging file coverage/count_up_overflow_pclk4_pause.ucdb
Merging file coverage/count_up_overflow_pclk8.ucdb
Merging file coverage/count_up_overflow_pclk8_pause.ucdb
Merging file coverage/count_up_reload_pclk16.ucdb
Merging file coverage/count_up_reload_pclk2.ucdb
Merging file coverage/count_up_reload_pclk4.ucdb
Merging file coverage/count_up_reload_pclk8.ucdb
Merging file coverage/count_up_reset_pclk16.ucdb
Merging file coverage/count_up_reset_pclk2.ucdb
Merging file coverage/count_up_reset_pclk4.ucdb
Merging file coverage/count_up_reset_pclk8.ucdb
Merging file coverage/read_write_3_register.ucdb
Merging file coverage/read_write_TCR.ucdb
Merging file coverage/read_write_TSR.ucdb
Writing merged result to coverage/merged.ucdb

