ISim log file
Running: D:\SEMICON_VERILOG_COURCES\week_2\helloworld_verilog\shift_reg_isim_beh.exe -intstyle ise -gui -tclbatch isim.cmd -wdb D:/SEMICON_VERILOG_COURCES/week_2/helloworld_verilog/shift_reg_isim_beh.wdb 
ISim P.20131013 (signature 0x7708f090)
----------------------------------------------------------------------
INFO:Security:61 - The XILINXD_LICENSE_FILE environment variable is not set.
INFO:Security:62 - The LM_LICENSE_FILE environment variable is set to 'C:\questasim64_10.2c\win64\LICENSE.dat'.
INFO:Security:68 - For more information or for assistance in obtaining 
 a license, please run the Xilinx License Configuration Manager
       (xlcm or "Manage Xilinx Licenses".)
INFO:Security:68a - user is LENOVO, on host DESKTOP-AN1R3ON.
INFO:Security:15 - A feature for ISIM was found but is for the wrong hostid.
ERROR:Security:14 - No feature was available for 'ISIM'.

Invalid host.
 The hostid of this system does not match the hostid
 specified in the license file.
Feature:       ISIM
Hostid:        DISK_SERIAL_NUM=a4747be8
License path:  C:\questasim64_10.2c\win64\LICENSE.dat;C:/.Xilinx\Xilinx.lic;D:\xilin_setup\14.7\ISE_DS\ISE\/coregen/core_licenses\Xilinx.lic;D:\xilin_setup\14.7\ISE_DS\ISE\/coregen/core_licenses\XilinxFree.lic;D:\xilin_setup\14.7\ISE_DS\EDK/data/core_licenses\Xilinx.lic;
FLEXnet Licensing error:-9,57
For further information, refer to the FLEXnet Licensing documentation,
available at "www.flexerasoftware.com".
----------------------------------------------------------------------
WARNING: A full ISim License cannot be checked out due to the issues listed above. Please use Xilinx License Configuration Manager to fix these issues in order to check out a full ISim license.
WARNING: ISim will run in Lite mode. Please refer to the ISim documentation for more information on the differences between the Lite and the Full version.
This is a Lite version of ISim.
Time resolution is 1 ps
# onerror resume
# wave add /
# run 1000 ns
Simulator is doing circuit initialization process.
Finished circuit initialization process.
