Release 14.7 - xst P.20131013 (nt64)
Copyright (c) 1995-2013 Xilinx, Inc.  All rights reserved.
--> Parameter TMPDIR set to xst/projnav.tmp


Total REAL time to Xst completion: 0.00 secs
Total CPU time to Xst completion: 0.16 secs
 
--> Parameter xsthdpdir set to xst


Total REAL time to Xst completion: 0.00 secs
Total CPU time to Xst completion: 0.16 secs
 
--> Reading design: Serial_8bits_add_sub.prj

TABLE OF CONTENTS
  1) Synthesis Options Summary
  2) HDL Parsing
  3) HDL Elaboration
  4) HDL Synthesis
       4.1) HDL Synthesis Report
  5) Advanced HDL Synthesis
       5.1) Advanced HDL Synthesis Report
  6) Low Level Synthesis
  7) Partition Report
  8) Design Summary
       8.1) Primitive and Black Box Usage
       8.2) Device utilization summary
       8.3) Partition Resource Summary
       8.4) Timing Report
            8.4.1) Clock Information
            8.4.2) Asynchronous Control Signals Information
            8.4.3) Timing Summary
            8.4.4) Timing Details
            8.4.5) Cross Clock Domains Report


=========================================================================
*                      Synthesis Options Summary                        *
=========================================================================
---- Source Parameters
Input File Name                    : "Serial_8bits_add_sub.prj"
Ignore Synthesis Constraint File   : NO

---- Target Parameters
Output File Name                   : "Serial_8bits_add_sub"
Output Format                      : NGC
Target Device                      : xc7a100t-3-csg324

---- Source Options
Top Module Name                    : Serial_8bits_add_sub
Automatic FSM Extraction           : YES
FSM Encoding Algorithm             : Auto
Safe Implementation                : No
FSM Style                          : LUT
RAM Extraction                     : Yes
RAM Style                          : Auto
ROM Extraction                     : Yes
Shift Register Extraction          : YES
ROM Style                          : Auto
Resource Sharing                   : YES
Asynchronous To Synchronous        : NO
Shift Register Minimum Size        : 2
Use DSP Block                      : Auto
Automatic Register Balancing       : No

---- Target Options
LUT Combining                      : Auto
Reduce Control Sets                : Auto
Add IO Buffers                     : YES
Global Maximum Fanout              : 100000
Add Generic Clock Buffer(BUFG)     : 32
Register Duplication               : YES
Optimize Instantiated Primitives   : NO
Use Clock Enable                   : Auto
Use Synchronous Set                : Auto
Use Synchronous Reset              : Auto
Pack IO Registers into IOBs        : Auto
Equivalent register Removal        : YES

---- General Options
Optimization Goal                  : Speed
Optimization Effort                : 1
Power Reduction                    : NO
Keep Hierarchy                     : No
Netlist Hierarchy                  : As_Optimized
RTL Output                         : Yes
Global Optimization                : AllClockNets
Read Cores                         : YES
Write Timing Constraints           : NO
Cross Clock Analysis               : NO
Hierarchy Separator                : /
Bus Delimiter                      : <>
Case Specifier                     : Maintain
Slice Utilization Ratio            : 100
BRAM Utilization Ratio             : 100
DSP48 Utilization Ratio            : 100
Auto BRAM Packing                  : NO
Slice Utilization Ratio Delta      : 5

=========================================================================


=========================================================================
*                          HDL Parsing                                  *
=========================================================================
Analyzing Verilog file "D:\SEMICON_VERILOG_COURCES\week_3\module_adder_update\halfadder.v" into library work
Parsing module <halfadder>.
Analyzing Verilog file "D:\SEMICON_VERILOG_COURCES\week_3\module_adder_update\fulladder.v" into library work
Parsing module <fulladder>.
Analyzing Verilog file "D:\SEMICON_VERILOG_COURCES\week_3\module_adder_update\Serial_4bits_adder.v" into library work
Parsing module <Serial_4bits_adder>.
Analyzing Verilog file "D:\SEMICON_VERILOG_COURCES\week_3\module_adder_update\Serial_8bits_add_sub.v" into library work
Parsing module <Serial_8bits_add_sub>.

=========================================================================
*                            HDL Elaboration                            *
=========================================================================

Elaborating module <Serial_8bits_add_sub>.

Elaborating module <Serial_4bits_adder>.

Elaborating module <fulladder>.

Elaborating module <halfadder>.

=========================================================================
*                           HDL Synthesis                               *
=========================================================================

Synthesizing Unit <Serial_8bits_add_sub>.
    Related source file is "D:\SEMICON_VERILOG_COURCES\week_3\module_adder_update\Serial_8bits_add_sub.v".
    Found 1-bit tristate buffer for signal <result<0>> created at line 37
    Found 1-bit tristate buffer for signal <result<1>> created at line 38
    Found 1-bit tristate buffer for signal <result<2>> created at line 39
    Found 1-bit tristate buffer for signal <result<3>> created at line 40
    Found 1-bit tristate buffer for signal <result<4>> created at line 41
    Found 1-bit tristate buffer for signal <result<5>> created at line 42
    Found 1-bit tristate buffer for signal <result<6>> created at line 43
    Found 1-bit tristate buffer for signal <result<7>> created at line 44
    Summary:
	inferred   8 Tristate(s).
Unit <Serial_8bits_add_sub> synthesized.

Synthesizing Unit <Serial_4bits_adder>.
    Related source file is "D:\SEMICON_VERILOG_COURCES\week_3\module_adder_update\Serial_4bits_adder.v".
    Summary:
	no macro.
Unit <Serial_4bits_adder> synthesized.

Synthesizing Unit <fulladder>.
    Related source file is "D:\SEMICON_VERILOG_COURCES\week_3\module_adder_update\fulladder.v".
    Summary:
	no macro.
Unit <fulladder> synthesized.

Synthesizing Unit <halfadder>.
    Related source file is "D:\SEMICON_VERILOG_COURCES\week_3\module_adder_update\halfadder.v".
    Summary:
Unit <halfadder> synthesized.

=========================================================================
HDL Synthesis Report

Macro Statistics
# Tristates                                            : 8
 1-bit tristate buffer                                 : 8
# Xors                                                 : 24
 1-bit xor2                                            : 24

=========================================================================

=========================================================================
*                       Advanced HDL Synthesis                          *
=========================================================================


=========================================================================
Advanced HDL Synthesis Report

Macro Statistics
# Xors                                                 : 24
 1-bit xor2                                            : 24

=========================================================================

=========================================================================
*                         Low Level Synthesis                           *
=========================================================================

Optimizing unit <Serial_8bits_add_sub> ...

Mapping all equations...
Building and optimizing final netlist ...
Found area constraint ratio of 100 (+ 5) on block Serial_8bits_add_sub, actual ratio is 0.

Final Macro Processing ...

=========================================================================
Final Register Report

Found no macro
=========================================================================

=========================================================================
*                           Partition Report                            *
=========================================================================

Partition Implementation Status
-------------------------------

  No Partitions were found in this design.

-------------------------------

=========================================================================
*                            Design Summary                             *
=========================================================================

Top Level Output File Name         : Serial_8bits_add_sub.ngc

Primitive and Black Box Usage:
------------------------------
# BELS                             : 14
#      INV                         : 1
#      LUT4                        : 6
#      LUT6                        : 7
# IO Buffers                       : 28
#      IBUF                        : 19
#      OBUF                        : 1
#      OBUFT                       : 8

Device utilization summary:
---------------------------

Selected Device : 7a100tcsg324-3 


Slice Logic Utilization: 
 Number of Slice LUTs:                   14  out of  63400     0%  
    Number used as Logic:                14  out of  63400     0%  

Slice Logic Distribution: 
 Number of LUT Flip Flop pairs used:     14
   Number with an unused Flip Flop:      14  out of     14   100%  
   Number with an unused LUT:             0  out of     14     0%  
   Number of fully used LUT-FF pairs:     0  out of     14     0%  
   Number of unique control sets:         0

IO Utilization: 
 Number of IOs:                          28
 Number of bonded IOBs:                  28  out of    210    13%  

Specific Feature Utilization:

---------------------------
Partition Resource Summary:
---------------------------

  No Partitions were found in this design.

---------------------------


=========================================================================
Timing Report

NOTE: THESE TIMING NUMBERS ARE ONLY A SYNTHESIS ESTIMATE.
      FOR ACCURATE TIMING INFORMATION PLEASE REFER TO THE TRACE REPORT
      GENERATED AFTER PLACE-and-ROUTE.

Clock Information:
------------------
No clock signals found in this design

Asynchronous Control Signals Information:
----------------------------------------
No asynchronous control signals found in this design

Timing Summary:
---------------
Speed Grade: -3

   Minimum period: No path found
   Minimum input arrival time before clock: No path found
   Maximum output required time after clock: No path found
   Maximum combinational path delay: 3.314ns

Timing Details:
---------------
All values displayed in nanoseconds (ns)

=========================================================================
Timing constraint: Default path analysis
  Total number of paths / destination ports: 132 / 9
-------------------------------------------------------------------------
Delay:               3.314ns (Levels of Logic = 7)
  Source:            SU (PAD)
  Destination:       Cout (PAD)

  Data Path: SU to Cout
                                Gate     Net
    Cell:in->out      fanout   Delay   Delay  Logical Name (Net Name)
    ----------------------------------------  ------------
     IBUF:I->O            13   0.001   0.739  SU_IBUF (SU_IBUF)
     LUT6:I1->O            3   0.097   0.521  M0/fa2/Cout1 (M0/Carry<1>)
     LUT4:I1->O            2   0.097   0.383  M0/fa3/Cout1 (M0/Carry<2>)
     LUT6:I4->O            3   0.097   0.389  M1/fa1/Cout1 (M1/Carry<0>)
     LUT6:I4->O            2   0.097   0.515  M1/fa3/Cout1 (M1/Carry<2>)
     LUT4:I1->O            1   0.097   0.279  M1/fa4/Cout1 (Cout_OBUF)
     OBUF:I->O                 0.000          Cout_OBUF (Cout)
    ----------------------------------------
    Total                      3.314ns (0.486ns logic, 2.828ns route)
                                       (14.7% logic, 85.3% route)

=========================================================================

Cross Clock Domains Report:
--------------------------

=========================================================================


Total REAL time to Xst completion: 10.00 secs
Total CPU time to Xst completion: 10.21 secs
 
--> 

Total memory usage is 4619552 kilobytes

Number of errors   :    0 (   0 filtered)
Number of warnings :    0 (   0 filtered)
Number of infos    :    0 (   0 filtered)

