# vsim -coverage -do {coverage save -onexit count_down_reload_pclk4.ucdb; log -r /*;run -all; exit} -l count_down_reload_pclk4.log -voptargs=+acc work.count_down_reload_pclk4 
# ** Note: (vsim-3812) Design is being optimized...
# 
# //  Questa Sim-64
# //  Version 10.2c Unknown Platform Jul 19 2013
# //
# //  Copyright 1991-2013 Mentor Graphics Corporation
# //  All Rights Reserved.
# //
# //  THIS WORK CONTAINS TRADE SECRET AND PROPRIETARY INFORMATION
# //  WHICH IS THE PROPERTY OF MENTOR GRAPHICS CORPORATION OR ITS
# //  LICENSORS AND IS SUBJECT TO LICENSE TERMS.
# //
# Loading work.count_down_reload_pclk4(fast)
# Loading work.timer_tb(fast)
# Loading work.timer(fast)
# Loading work.registor_control(fast)
# Loading work.decoder(fast)
# Loading work.registor(fast)
# Loading work.encoder(fast)
# Loading work.timer_pready(fast)
# Loading work.select_clock(fast)
# Loading work.counter(fast)
# Loading work.overflow_detect(fast)
# Loading work.underflow_detect(fast)
# Loading work.CPU_model(fast)
# Loading work.system_signal(fast)
# coverage save -onexit count_down_reload_pclk4.ucdb 
#  log -r /* 
# run -all 
# ==============================================================================
# ===================COUNT DOWN AND RELOAD PCLK 4_test_begin====================
# ==============================================================================
# 
# 
# =====================load TDR to timer========================================
# 
# 
# random is 36
# at 190 start write data = 'h24 to address = 'h0
# at 200 acces phase of writing data
# at 225 transfer done
# load value TDR at 225 to counter_reg
# at 240 start write data = 'h81 to address = 'h1
# at 250 acces phase of writing data
# at 275 transfer done
# 
# 
# =====================configurate TCR to timer=================================
# 
# 
# 
# 
# ==========================START timer=========================================
# 
# 
# at 290 start write data = 'h31 to address = 'h1
# at 300 acces phase of writing data
# at 325 transfer done
# count for 740
# 
# 
# ==========================DISABLE timer=====================================
# 
# 
# at 1070 start write data = 'h21 to address = 'h1
# at 1080 acces phase of writing data
# at 1105 transfer done
# ad 1105 timer is disable for reload
# 
# 
# ==========================check flag before reload=========================
# 
# 
# at 1120 start to read data at address 'h2
# at 1155 end of read transfer
# ad 1155 TSR is 'h=0
# PASS
# =====================Reload TDR to timer======================================
# 
# 
# random is 129
# at 1170 start write data = 'h81 to address = 'h0
# at 1180 acces phase of writing data
# at 1205 transfer done
# reload value TDR at 1205 to counter_reg
# at 1220 start write data = 'h81 to address = 'h1
# at 1230 acces phase of writing data
# at 1255 transfer done
# 
# 
# =====================configurate TCR to timer=================================
# 
# 
# 
# 
# ==========================START timer=========================================
# at 1270 start write data = 'h31 to address = 'h1
# at 1280 acces phase of writing data
# at 1305 transfer done
# 
# 
# ==========================FINAL CHECK timer====================================
# 
# 
# at 6520 start to read data at address 'h2
# at 6555 end of read transfer
# ad 6555 TSR is 'h=2
# PASS
# 
# 
# ==========================CLEAR FLAG =========================================
# 
# 
# at 6570 start to read data at address 'h2
# at 6605 end of read transfer
# ad 6605 TSR is 'h=0
# PASS
# ===================================
# ================PASS===============
# ===================================
