# vsim -do {count_up_overflow_pclk8_pause.ucdb; log -r /*;run -all; exit} -l count_up_overflow_pclk8_pause.log -voptargs=+acc work.count_up_overflow_pclk8_pause 
# ** Note: (vsim-3812) Design is being optimized...
# 
# //  Questa Sim-64
# //  Version 10.2c Unknown Platform Jul 19 2013
# //
# //  Copyright 1991-2013 Mentor Graphics Corporation
# //  All Rights Reserved.
# //
# //  THIS WORK CONTAINS TRADE SECRET AND PROPRIETARY INFORMATION
# //  WHICH IS THE PROPERTY OF MENTOR GRAPHICS CORPORATION OR ITS
# //  LICENSORS AND IS SUBJECT TO LICENSE TERMS.
# //
# Loading work.count_up_overflow_pclk8_pause(fast)
# Loading work.timer_tb(fast)
# Loading work.timer(fast)
# Loading work.registor_control(fast)
# Loading work.decoder(fast)
# Loading work.registor(fast)
# Loading work.encoder(fast)
# Loading work.timer_pready(fast)
# Loading work.select_clock(fast)
# Loading work.counter(fast)
# Loading work.overflow_detect(fast)
# Loading work.underflow_detect(fast)
# Loading work.CPU_model(fast)
# Loading work.system_signal(fast)
# count_up_overflow_pclk8_pause.ucdb 
# invalid command name "count_up_overflow_pclk8_pause.ucdb"
#  log -r /* 
# ** Warning: (vsim-WLF-5000) WLF file currently in use: vsim.wlf
# 
#           File in use by: LENOVO  Hostname: DESKTOP-AN1R3ON  ProcessID: 24240
# 
#           Attempting to use alternate WLF file "./wlft5xamrf".
# ** Warning: (vsim-WLF-5001) Could not open WLF file: vsim.wlf
# 
#           Using alternate file: ./wlft5xamrf
# 
# run -all 
# ==============================================================================
# ===================COUNT UP WITH PAUSE PCLK 8_test_begin======================
# ==============================================================================
# 
# 
# =====================load TDR to timer========================================
# 
# 
# at 190 start write data = 'h24 to address = 'h0
# at 200 acces phase of writing data
# at 225 transfer done
# load value TDR at 225 to counter_reg
# at 240 start write data = 'h80 to address = 'h1
# at 250 acces phase of writing data
# at 275 transfer done
# 
# 
# =====================configurate TCR to timer=================================
# 
# 
# 
# 
# ==========================START timer=========================================
# 
# 
# at 290 start write data = 'h12 to address = 'h1
# at 300 acces phase of writing data
# at 325 transfer done
# count for 8800
# 
# 
# =============================wait for random time=================================
# 
# 
# at 9130 start write data = 'h2 to address = 'h1
# at 9140 acces phase of writing data
# at 9165 transfer done
# random value for wait time is 8800
# 
# 
# =====================check flag before continue=============================
# 
# 
# at 17970 start to read data at address 'h2
# at 18005 end of read transfer
# PASS
# 
# 
# ======================== continue to count=================================
# 
# 
# at 18020 start write data = 'h12 to address = 'h1
# at 18030 acces phase of writing data
# at 18055 transfer done
# 
# 
# ===================check flag after pause time=============================
# 
# 
# at 26870 start to read data at address 'h2
# at 26905 end of read transfer
# PASS
# at 26920 start write data = 'h2 to address = 'h2
# at 26930 acces phase of writing data
# at 26955 transfer done
# =================================CLEAR TSR================================
# 
# at 27060 start to read data at address 'h2
# at 27095 end of read transfer
# =======================================PASS==================================
# 
# ===================================
# ================PASS===============
# ===================================
