# vsim -do {count_up_overflow_pclk2_pause.ucdb; log -r /*;run -all; exit} -l count_up_overflow_pclk2_pause.log -voptargs=+acc work.count_up_overflow_pclk2_pause 
# ** Note: (vsim-3812) Design is being optimized...
# 
# //  Questa Sim-64
# //  Version 10.2c Unknown Platform Jul 19 2013
# //
# //  Copyright 1991-2013 Mentor Graphics Corporation
# //  All Rights Reserved.
# //
# //  THIS WORK CONTAINS TRADE SECRET AND PROPRIETARY INFORMATION
# //  WHICH IS THE PROPERTY OF MENTOR GRAPHICS CORPORATION OR ITS
# //  LICENSORS AND IS SUBJECT TO LICENSE TERMS.
# //
# Loading work.count_up_overflow_pclk2_pause(fast)
# Loading work.timer_tb(fast)
# Loading work.timer(fast)
# Loading work.registor_control(fast)
# Loading work.decoder(fast)
# Loading work.registor(fast)
# Loading work.encoder(fast)
# Loading work.timer_pready(fast)
# Loading work.select_clock(fast)
# Loading work.counter(fast)
# Loading work.overflow_detect(fast)
# Loading work.underflow_detect(fast)
# Loading work.CPU_model(fast)
# Loading work.system_signal(fast)
# count_up_overflow_pclk2_pause.ucdb 
# invalid command name "count_up_overflow_pclk2_pause.ucdb"
#  log -r /* 
# ** Warning: (vsim-WLF-5000) WLF file currently in use: vsim.wlf
# 
#           File in use by: LENOVO  Hostname: DESKTOP-AN1R3ON  ProcessID: 24240
# 
#           Attempting to use alternate WLF file "./wlftv4w2kt".
# ** Warning: (vsim-WLF-5001) Could not open WLF file: vsim.wlf
# 
#           Using alternate file: ./wlftv4w2kt
# 
# run -all 
# ==============================================================================
# ===================COUNT UP WITH PAUSE PCLK 2_test_begin======================
# ==============================================================================
# 
# 
# =====================load TDR to timer========================================
# 
# 
# at 190 start write data = 'h24 to address = 'h0
# at 200 acces phase of writing data
# at 225 transfer done
# load value TDR at 225 to counter_reg
# at 240 start write data = 'h80 to address = 'h1
# at 250 acces phase of writing data
# at 275 transfer done
# 
# 
# =====================configurate TCR to timer=================================
# 
# 
# 
# 
# ==========================START timer=========================================
# 
# 
# at 290 start write data = 'h10 to address = 'h1
# at 300 acces phase of writing data
# at 325 transfer done
# count for 2200
# 
# 
# =============================wait for random time=================================
# 
# 
# at 2530 start write data = 'h0 to address = 'h1
# at 2540 acces phase of writing data
# at 2565 transfer done
# random value for wait time is 2200
# 
# 
# =====================check flag before continue=============================
# 
# 
# at 4770 start to read data at address 'h2
# at 4805 end of read transfer
# PASS
# 
# 
# ======================== continue to count=================================
# 
# 
# at 4820 start write data = 'h10 to address = 'h1
# at 4830 acces phase of writing data
# at 4855 transfer done
# 
# 
# ===================check flag after pause time=============================
# 
# 
# at 7070 start to read data at address 'h2
# at 7105 end of read transfer
# PASS
# at 7120 start write data = 'h2 to address = 'h2
# at 7130 acces phase of writing data
# at 7155 transfer done
# =================================CLEAR TSR================================
# 
# at 7260 start to read data at address 'h2
# at 7295 end of read transfer
# =======================================PASS==================================
# 
# ===================================
# ================PASS===============
# ===================================
