# vsim -do {count_down_underflow_pclk8_pause.ucdb; log -r /*;run -all; exit} -l count_down_underflow_pclk8_pause.log -voptargs=+acc work.count_down_underflow_pclk8_pause 
# ** Note: (vsim-3812) Design is being optimized...
# 
# //  Questa Sim-64
# //  Version 10.2c Unknown Platform Jul 19 2013
# //
# //  Copyright 1991-2013 Mentor Graphics Corporation
# //  All Rights Reserved.
# //
# //  THIS WORK CONTAINS TRADE SECRET AND PROPRIETARY INFORMATION
# //  WHICH IS THE PROPERTY OF MENTOR GRAPHICS CORPORATION OR ITS
# //  LICENSORS AND IS SUBJECT TO LICENSE TERMS.
# //
# Loading work.count_down_underflow_pclk8_pause(fast)
# Loading work.timer_tb(fast)
# Loading work.timer(fast)
# Loading work.registor_control(fast)
# Loading work.decoder(fast)
# Loading work.registor(fast)
# Loading work.encoder(fast)
# Loading work.timer_pready(fast)
# Loading work.select_clock(fast)
# Loading work.counter(fast)
# Loading work.overflow_detect(fast)
# Loading work.underflow_detect(fast)
# Loading work.CPU_model(fast)
# Loading work.system_signal(fast)
# count_down_underflow_pclk8_pause.ucdb 
# invalid command name "count_down_underflow_pclk8_pause.ucdb"
#  log -r /* 
# ** Warning: (vsim-WLF-5000) WLF file currently in use: vsim.wlf
# 
#           File in use by: LENOVO  Hostname: DESKTOP-AN1R3ON  ProcessID: 24240
# 
#           Attempting to use alternate WLF file "./wlftgrvh58".
# ** Warning: (vsim-WLF-5001) Could not open WLF file: vsim.wlf
# 
#           Using alternate file: ./wlftgrvh58
# 
# run -all 
# ==============================================================================
# ===================COUNT DOWN WITH PAUSE PCLK 2_test_begin====================
# ==============================================================================
# 
# 
# =====================load TDR to timer========================================
# 
# 
# at 190 start write data = 'h24 to address = 'h0
# at 200 acces phase of writing data
# at 225 transfer done
# load value TDR at 225 to counter_reg
# at 240 start write data = 'h80 to address = 'h1
# at 250 acces phase of writing data
# at 275 transfer done
# 
# 
# =====================configurate TCR to timer=================================
# 
# 
# 
# 
# ==========================START timer=========================================
# 
# 
# at 290 start write data = 'h32 to address = 'h1
# at 300 acces phase of writing data
# at 325 transfer done
# count for 1440
# 
# 
# =============================wait for random time=================================
# 
# 
# at 1770 start write data = 'h22 to address = 'h1
# at 1780 acces phase of writing data
# at 1805 transfer done
# random value for wait time is 1440
# 
# 
# =====================check flag before continue=============================
# 
# 
# at 3250 start to read data at address 'h2
# at 3285 end of read transfer
# PASS
# 
# 
# ======================== continue to count=================================
# 
# 
# at 3300 start write data = 'h32 to address = 'h1
# at 3310 acces phase of writing data
# at 3335 transfer done
# 
# 
# ===================check flag after pause time=============================
# 
# 
# at 4790 start to read data at address 'h2
# at 4825 end of read transfer
# PASS
# at 4840 start write data = 'h1 to address = 'h2
# at 4850 acces phase of writing data
# at 4875 transfer done
# =================================CLEAR TSR================================
# 
# at 4980 start to read data at address 'h2
# at 5015 end of read transfer
# =======================================PASS==================================
# 
# ===================================
# ================PASS===============
# ===================================
