# vsim -coverage -do {coverage save -onexit count_down_reload_pclk16.ucdb; log -r /*;run -all; exit} -l count_down_reload_pclk16.log -voptargs=+acc work.count_down_reload_pclk16 
# ** Note: (vsim-3812) Design is being optimized...
# 
# //  Questa Sim-64
# //  Version 10.2c Unknown Platform Jul 19 2013
# //
# //  Copyright 1991-2013 Mentor Graphics Corporation
# //  All Rights Reserved.
# //
# //  THIS WORK CONTAINS TRADE SECRET AND PROPRIETARY INFORMATION
# //  WHICH IS THE PROPERTY OF MENTOR GRAPHICS CORPORATION OR ITS
# //  LICENSORS AND IS SUBJECT TO LICENSE TERMS.
# //
# Loading work.count_down_reload_pclk16(fast)
# Loading work.timer_tb(fast)
# Loading work.timer(fast)
# Loading work.registor_control(fast)
# Loading work.decoder(fast)
# Loading work.registor(fast)
# Loading work.encoder(fast)
# Loading work.timer_pready(fast)
# Loading work.select_clock(fast)
# Loading work.counter(fast)
# Loading work.overflow_detect(fast)
# Loading work.underflow_detect(fast)
# Loading work.CPU_model(fast)
# Loading work.system_signal(fast)
# coverage save -onexit count_down_reload_pclk16.ucdb 
#  log -r /* 
# run -all 
# ==============================================================================
# ===================COUNT DOWN AND RELOAD PCLK 4_test_begin====================
# ==============================================================================
# 
# 
# =====================load TDR to timer========================================
# 
# 
# random is 36
# at 190 start write data = 'h24 to address = 'h0
# at 200 acces phase of writing data
# at 225 transfer done
# load value TDR at 225 to counter_reg
# at 240 start write data = 'h83 to address = 'h1
# at 250 acces phase of writing data
# at 275 transfer done
# 
# 
# =====================configurate TCR to timer=================================
# 
# 
# 
# 
# ==========================START timer=========================================
# 
# 
# at 290 start write data = 'h33 to address = 'h1
# at 300 acces phase of writing data
# at 325 transfer done
# count for 2960
# 
# 
# ==========================DISABLE timer=====================================
# 
# 
# at 3290 start write data = 'h23 to address = 'h1
# at 3300 acces phase of writing data
# at 3325 transfer done
# ad 3325 timer is disable for reload
# 
# 
# ==========================check flag before reload=========================
# 
# 
# at 3340 start to read data at address 'h2
# at 3375 end of read transfer
# ad 3375 TSR is 'h=0
# PASS
# =====================Reload TDR to timer======================================
# 
# 
# random is 129
# at 3390 start write data = 'h81 to address = 'h0
# at 3400 acces phase of writing data
# at 3425 transfer done
# reload value TDR at 3425 to counter_reg
# at 3440 start write data = 'h83 to address = 'h1
# at 3450 acces phase of writing data
# at 3475 transfer done
# 
# 
# =====================configurate TCR to timer=================================
# 
# 
# 
# 
# ==========================START timer=========================================
# at 3490 start write data = 'h33 to address = 'h1
# at 3500 acces phase of writing data
# at 3525 transfer done
# 
# 
# ==========================FINAL CHECK timer====================================
# 
# 
# at 24340 start to read data at address 'h2
# at 24375 end of read transfer
# ad 24375 TSR is 'h=2
# PASS
# 
# 
# ==========================CLEAR FLAG =========================================
# 
# 
# at 24390 start to read data at address 'h2
# at 24425 end of read transfer
# ad 24425 TSR is 'h=0
# PASS
# ===================================
# ================PASS===============
# ===================================
