# vsim -do {count_up_overflow_pclk16_pause.ucdb; log -r /*;run -all; exit} -l count_up_overflow_pclk16_pause.log -voptargs=+acc work.count_up_overflow_pclk16_pause 
# ** Note: (vsim-3813) Design is being optimized due to module recompilation...
# 
# //  Questa Sim-64
# //  Version 10.2c Unknown Platform Jul 19 2013
# //
# //  Copyright 1991-2013 Mentor Graphics Corporation
# //  All Rights Reserved.
# //
# //  THIS WORK CONTAINS TRADE SECRET AND PROPRIETARY INFORMATION
# //  WHICH IS THE PROPERTY OF MENTOR GRAPHICS CORPORATION OR ITS
# //  LICENSORS AND IS SUBJECT TO LICENSE TERMS.
# //
# Loading work.count_up_overflow_pclk16_pause(fast)
# Loading work.timer_tb(fast)
# Loading work.timer(fast)
# Loading work.registor_control(fast)
# Loading work.decoder(fast)
# Loading work.registor(fast)
# Loading work.encoder(fast)
# Loading work.timer_pready(fast)
# Loading work.select_clock(fast)
# Loading work.counter(fast)
# Loading work.overflow_detect(fast)
# Loading work.underflow_detect(fast)
# Loading work.CPU_model(fast)
# Loading work.system_signal(fast)
# count_up_overflow_pclk16_pause.ucdb 
# invalid command name "count_up_overflow_pclk16_pause.ucdb"
#  log -r /* 
# ** Warning: (vsim-WLF-5000) WLF file currently in use: vsim.wlf
# 
#           File in use by: LENOVO  Hostname: DESKTOP-AN1R3ON  ProcessID: 24240
# 
#           Attempting to use alternate WLF file "./wlft75mffc".
# ** Warning: (vsim-WLF-5001) Could not open WLF file: vsim.wlf
# 
#           Using alternate file: ./wlft75mffc
# 
# run -all 
# ==============================================================================
# ===================COUNT UP WITH PAUSE PCLK 8_test_begin======================
# ==============================================================================
# 
# 
# =====================load TDR to timer========================================
# 
# 
# at 190 start write data = 'h24 to address = 'h0
# at 200 acces phase of writing data
# at 225 transfer done
# load value TDR at 225 to counter_reg
# at 240 start write data = 'h83 to address = 'h1
# at 250 acces phase of writing data
# at 275 transfer done
# 
# 
# =====================configurate TCR to timer=================================
# 
# 
# 
# 
# ==========================START timer=========================================
# 
# 
# at 290 start write data = 'h13 to address = 'h1
# at 300 acces phase of writing data
# at 325 transfer done
# count for 17600
# 
# 
# =============================wait for random time=================================
# 
# 
# at 17930 start write data = 'h3 to address = 'h1
# at 17940 acces phase of writing data
# at 17965 transfer done
# random value for wait time is 17600
# 
# 
# =====================check flag before continue=============================
# 
# 
# at 35570 start to read data at address 'h2
# at 35605 end of read transfer
# PASS
# 
# 
# ======================== continue to count=================================
# 
# 
# at 35620 start write data = 'h13 to address = 'h1
# at 35630 acces phase of writing data
# at 35655 transfer done
# 
# 
# ===================check flag after pause time=============================
# 
# 
# at 53270 start to read data at address 'h2
# at 53305 end of read transfer
# PASS
# at 53320 start write data = 'h2 to address = 'h2
# at 53330 acces phase of writing data
# at 53355 transfer done
# =================================CLEAR TSR================================
# 
# at 53460 start to read data at address 'h2
# at 53495 end of read transfer
# =======================================PASS==================================
# 
# ===================================
# ================PASS===============
# ===================================
