# vsim -coverage -do {coverage save -onexit count_down_underflow_pclk16_pause.ucdb; log -r /*;run -all; exit} -l count_down_underflow_pclk16_pause.log -voptargs=+acc work.count_down_underflow_pclk16_pause 
# ** Note: (vsim-3812) Design is being optimized...
# 
# //  Questa Sim-64
# //  Version 10.2c Unknown Platform Jul 19 2013
# //
# //  Copyright 1991-2013 Mentor Graphics Corporation
# //  All Rights Reserved.
# //
# //  THIS WORK CONTAINS TRADE SECRET AND PROPRIETARY INFORMATION
# //  WHICH IS THE PROPERTY OF MENTOR GRAPHICS CORPORATION OR ITS
# //  LICENSORS AND IS SUBJECT TO LICENSE TERMS.
# //
# Loading work.count_down_underflow_pclk16_pause(fast)
# Loading work.timer_tb(fast)
# Loading work.timer(fast)
# Loading work.registor_control(fast)
# Loading work.decoder(fast)
# Loading work.registor(fast)
# Loading work.encoder(fast)
# Loading work.timer_pready(fast)
# Loading work.select_clock(fast)
# Loading work.counter(fast)
# Loading work.overflow_detect(fast)
# Loading work.underflow_detect(fast)
# Loading work.CPU_model(fast)
# Loading work.system_signal(fast)
# coverage save -onexit count_down_underflow_pclk16_pause.ucdb 
#  log -r /* 
# run -all 
# ==============================================================================
# ===================COUNT DOWN WITH PAUSE PCLK 16_test_begin====================
# ==============================================================================
# 
# 
# =====================load TDR to timer========================================
# 
# 
# random is 36
# at 190 start write data = 'h24 to address = 'h0
# at 200 acces phase of writing data
# at 225 transfer done
# load value TDR at 225 to counter_reg
# at 240 start write data = 'h83 to address = 'h1
# at 250 acces phase of writing data
# at 275 transfer done
# 
# 
# =====================configurate TCR to timer=================================
# 
# 
# 
# 
# ==========================START timer=========================================
# 
# 
# at 290 start write data = 'h33 to address = 'h1
# at 300 acces phase of writing data
# at 325 transfer done
# count for 2960
# 
# 
# =============================wait for random time=================================
# 
# 
# at 3290 start write data = 'h23 to address = 'h1
# at 3300 acces phase of writing data
# at 3325 transfer done
# random value for wait time is 2960
# 
# 
# =====================check flag before continue=============================
# 
# 
# at 6290 start to read data at address 'h2
# at 6325 end of read transfer
# PASS
# 
# 
# ======================== continue to count=================================
# 
# 
# at 6340 start write data = 'h33 to address = 'h1
# at 6350 acces phase of writing data
# at 6375 transfer done
# 
# 
# ===================check flag after pause time=============================
# 
# 
# at 9350 start to read data at address 'h2
# at 9385 end of read transfer
# val2 is 9385
# PASS
# at 9400 start write data = 'h1 to address = 'h2
# at 9410 acces phase of writing data
# at 9435 transfer done
# =================================CLEAR TSR================================
# 
# at 9540 start to read data at address 'h2
# at 9575 end of read transfer
# =======================================PASS==================================
# 
# ===================================
# ================PASS===============
# ===================================
