# vsim -do {read_write_TSR.ucdb; log -r /*;run -all; exit} -l read_write_TSR.log -voptargs=+acc work.read_write_TSR 
# ** Note: (vsim-3813) Design is being optimized due to module recompilation...
# 
# //  Questa Sim-64
# //  Version 10.2c Unknown Platform Jul 19 2013
# //
# //  Copyright 1991-2013 Mentor Graphics Corporation
# //  All Rights Reserved.
# //
# //  THIS WORK CONTAINS TRADE SECRET AND PROPRIETARY INFORMATION
# //  WHICH IS THE PROPERTY OF MENTOR GRAPHICS CORPORATION OR ITS
# //  LICENSORS AND IS SUBJECT TO LICENSE TERMS.
# //
# Loading work.read_write_TSR(fast)
# Loading work.timer_tb(fast)
# Loading work.timer(fast)
# Loading work.registor_control(fast)
# Loading work.decoder(fast)
# Loading work.registor(fast)
# Loading work.encoder(fast)
# Loading work.timer_pready(fast)
# Loading work.select_clock(fast)
# Loading work.counter(fast)
# Loading work.overflow_detect(fast)
# Loading work.underflow_detect(fast)
# Loading work.CPU_model(fast)
# Loading work.system_signal(fast)
# read_write_TSR.ucdb 
# invalid command name "read_write_TSR.ucdb"
#  log -r /* 
# ** Warning: (vsim-WLF-5000) WLF file currently in use: vsim.wlf
# 
#           File in use by: LENOVO  Hostname: DESKTOP-AN1R3ON  ProcessID: 24240
# 
#           Attempting to use alternate WLF file "./wlftq8e5ha".
# ** Warning: (vsim-WLF-5001) Could not open WLF file: vsim.wlf
# 
#           Using alternate file: ./wlftq8e5ha
# 
# run -all 
# ==============================================================================
# ============================TSR_read_write_test_begin=========================
# ==============================================================================
# TEST NO .01
# 
# at 190 start write data = 'hfc to address = 'h2
# at 200 acces phase of writing data
# write 8'b1111_1100 to TSR at 215
# at 230 start to read data at address 'h2
# at 265 end of read transfer
# at 265 wdata=252 rdata=0
# ====================================PASS=============================
# TEST NO .02
# 
# at 450 start write data = 'hfd to address = 'h2
# at 460 acces phase of writing data
# write 8'b1111_1101 to TSR at 475
# at 490 start to read data at address 'h2
# at 525 end of read transfer
# at 525 wdata=253 write to TSR is rdata=1
# ====================================PASS=============================
# TEST NO .03
# 
# at 710 start write data = 'hfe to address = 'h2
# at 720 acces phase of writing data
# write 8'b1111_1110 to TSR at 735
# at 750 start to read data at address 'h2
# at 785 end of read transfer
# at 785 wdata=254 write to TSR is rdata=2
# ====================================PASS=============================
# TEST NO .04
# 
# at 970 start write data = 'hff to address = 'h2
# at 980 acces phase of writing data
# write 8'b1111_1111 to TSR at 995
# at 1010 start to read data at address 'h2
# at 1045 end of read transfer
# at 1045 wdata=255 write to TSR is rdata=0
# ====================================PASS=============================
# ===================================
# ================PASS===============
# ===================================
