# vsim -coverage -do {coverage save -onexit read_write_TCR.ucdb; log -r /*;run -all; exit} -l read_write_TCR.log -voptargs=+acc work.read_write_TCR 
# ** Note: (vsim-3812) Design is being optimized...
# 
# //  Questa Sim-64
# //  Version 10.2c Unknown Platform Jul 19 2013
# //
# //  Copyright 1991-2013 Mentor Graphics Corporation
# //  All Rights Reserved.
# //
# //  THIS WORK CONTAINS TRADE SECRET AND PROPRIETARY INFORMATION
# //  WHICH IS THE PROPERTY OF MENTOR GRAPHICS CORPORATION OR ITS
# //  LICENSORS AND IS SUBJECT TO LICENSE TERMS.
# //
# Loading work.read_write_TCR(fast)
# Loading work.timer_tb(fast)
# Loading work.timer(fast)
# Loading work.registor_control(fast)
# Loading work.decoder(fast)
# Loading work.registor(fast)
# Loading work.encoder(fast)
# Loading work.timer_pready(fast)
# Loading work.select_clock(fast)
# Loading work.counter(fast)
# Loading work.overflow_detect(fast)
# Loading work.underflow_detect(fast)
# Loading work.CPU_model(fast)
# Loading work.system_signal(fast)
# coverage save -onexit read_write_TCR.ucdb 
#  log -r /* 
# run -all 
# ==============================================================================
# ============================TCR_read_write_test_begin=========================
# ==============================================================================
# TEST NO 0
# 
# at 190 start write data = 'hb0 to address = 'h1
# at 200 acces phase of writing data
# at 225 transfer done
# write random value to TCR at 225
# at 240 start to read data at address 'h1
# at 275 end of read transfer
# TEST NO .  0
# 
# at 290 start write data = 'h24 to address = 'h1
# at 300 acces phase of writing data
# at 325 transfer done
# write random value to TCR at 325
# at 340 start to read data at address 'h1
# at 375 end of read transfer
# at 375 wdata=36 rdata=36
# ====================================PASS=============================
# TEST NO .  1
# 
# at 390 start write data = 'h81 to address = 'h1
# at 400 acces phase of writing data
# at 425 transfer done
# write random value to TCR at 425
# at 440 start to read data at address 'h1
# at 475 end of read transfer
# at 475 wdata=129 rdata=129
# ====================================PASS=============================
# TEST NO .  2
# 
# at 490 start write data = 'h9 to address = 'h1
# at 500 acces phase of writing data
# at 525 transfer done
# write random value to TCR at 525
# at 540 start to read data at address 'h1
# at 575 end of read transfer
# at 575 wdata=9 rdata=9
# ====================================PASS=============================
# TEST NO .  3
# 
# at 590 start write data = 'h63 to address = 'h1
# at 600 acces phase of writing data
# at 625 transfer done
# write random value to TCR at 625
# at 640 start to read data at address 'h1
# at 675 end of read transfer
# at 675 wdata=99 rdata=99
# ====================================PASS=============================
# TEST NO .  4
# 
# at 690 start write data = 'hd to address = 'h1
# at 700 acces phase of writing data
# at 725 transfer done
# write random value to TCR at 725
# at 740 start to read data at address 'h1
# at 775 end of read transfer
# at 775 wdata=13 rdata=13
# ====================================PASS=============================
# TEST NO .  5
# 
# at 790 start write data = 'h8d to address = 'h1
# at 800 acces phase of writing data
# at 825 transfer done
# write random value to TCR at 825
# at 840 start to read data at address 'h1
# at 875 end of read transfer
# at 875 wdata=141 rdata=141
# ====================================PASS=============================
# TEST NO .  6
# 
# at 890 start write data = 'h65 to address = 'h1
# at 900 acces phase of writing data
# at 925 transfer done
# write random value to TCR at 925
# at 940 start to read data at address 'h1
# at 975 end of read transfer
# at 975 wdata=101 rdata=101
# ====================================PASS=============================
# TEST NO .  7
# 
# at 990 start write data = 'h12 to address = 'h1
# at 1000 acces phase of writing data
# at 1025 transfer done
# write random value to TCR at 1025
# at 1040 start to read data at address 'h1
# at 1075 end of read transfer
# at 1075 wdata=18 rdata=18
# ====================================PASS=============================
# TEST NO .  8
# 
# at 1090 start write data = 'h1 to address = 'h1
# at 1100 acces phase of writing data
# at 1125 transfer done
# write random value to TCR at 1125
# at 1140 start to read data at address 'h1
# at 1175 end of read transfer
# at 1175 wdata=1 rdata=1
# ====================================PASS=============================
# TEST NO .  9
# 
# at 1190 start write data = 'hd to address = 'h1
# at 1200 acces phase of writing data
# at 1225 transfer done
# write random value to TCR at 1225
# at 1240 start to read data at address 'h1
# at 1275 end of read transfer
# at 1275 wdata=13 rdata=13
# ====================================PASS=============================
# TEST NO . 10
# 
# at 1290 start write data = 'h76 to address = 'h1
# at 1300 acces phase of writing data
# at 1325 transfer done
# write random value to TCR at 1325
# at 1340 start to read data at address 'h1
# at 1375 end of read transfer
# at 1375 wdata=118 rdata=118
# ====================================PASS=============================
# TEST NO . 11
# 
# at 1390 start write data = 'h3d to address = 'h1
# at 1400 acces phase of writing data
# at 1425 transfer done
# write random value to TCR at 1425
# at 1440 start to read data at address 'h1
# at 1475 end of read transfer
# at 1475 wdata=61 rdata=61
# ====================================PASS=============================
# TEST NO . 12
# 
# at 1490 start write data = 'hed to address = 'h1
# at 1500 acces phase of writing data
# at 1525 transfer done
# write random value to TCR at 1525
# at 1540 start to read data at address 'h1
# at 1575 end of read transfer
# at 1575 wdata=237 rdata=237
# ====================================PASS=============================
# TEST NO . 13
# 
# at 1590 start write data = 'h8c to address = 'h1
# at 1600 acces phase of writing data
# at 1625 transfer done
# write random value to TCR at 1625
# at 1640 start to read data at address 'h1
# at 1675 end of read transfer
# at 1675 wdata=140 rdata=140
# ====================================PASS=============================
# TEST NO . 14
# 
# at 1690 start write data = 'hf9 to address = 'h1
# at 1700 acces phase of writing data
# at 1725 transfer done
# write random value to TCR at 1725
# at 1740 start to read data at address 'h1
# at 1775 end of read transfer
# at 1775 wdata=249 rdata=249
# ====================================PASS=============================
# TEST NO . 15
# 
# at 1790 start write data = 'hc6 to address = 'h1
# at 1800 acces phase of writing data
# at 1825 transfer done
# write random value to TCR at 1825
# at 1840 start to read data at address 'h1
# at 1875 end of read transfer
# at 1875 wdata=198 rdata=198
# ====================================PASS=============================
# TEST NO . 16
# 
# at 1890 start write data = 'hc5 to address = 'h1
# at 1900 acces phase of writing data
# at 1925 transfer done
# write random value to TCR at 1925
# at 1940 start to read data at address 'h1
# at 1975 end of read transfer
# at 1975 wdata=197 rdata=197
# ====================================PASS=============================
# TEST NO . 17
# 
# at 1990 start write data = 'haa to address = 'h1
# at 2000 acces phase of writing data
# at 2025 transfer done
# write random value to TCR at 2025
# at 2040 start to read data at address 'h1
# at 2075 end of read transfer
# at 2075 wdata=170 rdata=170
# ====================================PASS=============================
# TEST NO . 18
# 
# at 2090 start write data = 'he5 to address = 'h1
# at 2100 acces phase of writing data
# at 2125 transfer done
# write random value to TCR at 2125
# at 2140 start to read data at address 'h1
# at 2175 end of read transfer
# at 2175 wdata=229 rdata=229
# ====================================PASS=============================
# TEST NO . 19
# 
# at 2190 start write data = 'h77 to address = 'h1
# at 2200 acces phase of writing data
# at 2225 transfer done
# write random value to TCR at 2225
# at 2240 start to read data at address 'h1
# at 2275 end of read transfer
# at 2275 wdata=119 rdata=119
# ====================================PASS=============================
# TEST NO . 20
# 
# at 2290 start write data = 'h12 to address = 'h1
# at 2300 acces phase of writing data
# at 2325 transfer done
# write random value to TCR at 2325
# at 2340 start to read data at address 'h1
# at 2375 end of read transfer
# at 2375 wdata=18 rdata=18
# ====================================PASS=============================
# TEST NO . 21
# 
# at 2390 start write data = 'h8f to address = 'h1
# at 2400 acces phase of writing data
# at 2425 transfer done
# write random value to TCR at 2425
# at 2440 start to read data at address 'h1
# at 2475 end of read transfer
# at 2475 wdata=143 rdata=143
# ====================================PASS=============================
# TEST NO . 22
# 
# at 2490 start write data = 'hf2 to address = 'h1
# at 2500 acces phase of writing data
# at 2525 transfer done
# write random value to TCR at 2525
# at 2540 start to read data at address 'h1
# at 2575 end of read transfer
# at 2575 wdata=242 rdata=242
# ====================================PASS=============================
# TEST NO . 23
# 
# at 2590 start write data = 'hce to address = 'h1
# at 2600 acces phase of writing data
# at 2625 transfer done
# write random value to TCR at 2625
# at 2640 start to read data at address 'h1
# at 2675 end of read transfer
# at 2675 wdata=206 rdata=206
# ====================================PASS=============================
# TEST NO . 24
# 
# at 2690 start write data = 'he8 to address = 'h1
# at 2700 acces phase of writing data
# at 2725 transfer done
# write random value to TCR at 2725
# at 2740 start to read data at address 'h1
# at 2775 end of read transfer
# at 2775 wdata=232 rdata=232
# ====================================PASS=============================
# TEST NO . 25
# 
# at 2790 start write data = 'hc5 to address = 'h1
# at 2800 acces phase of writing data
# at 2825 transfer done
# write random value to TCR at 2825
# at 2840 start to read data at address 'h1
# at 2875 end of read transfer
# at 2875 wdata=197 rdata=197
# ====================================PASS=============================
# TEST NO . 26
# 
# at 2890 start write data = 'h5c to address = 'h1
# at 2900 acces phase of writing data
# at 2925 transfer done
# write random value to TCR at 2925
# at 2940 start to read data at address 'h1
# at 2975 end of read transfer
# at 2975 wdata=92 rdata=92
# ====================================PASS=============================
# TEST NO . 27
# 
# at 2990 start write data = 'hbd to address = 'h1
# at 3000 acces phase of writing data
# at 3025 transfer done
# write random value to TCR at 3025
# at 3040 start to read data at address 'h1
# at 3075 end of read transfer
# at 3075 wdata=189 rdata=189
# ====================================PASS=============================
# TEST NO . 28
# 
# at 3090 start write data = 'h2d to address = 'h1
# at 3100 acces phase of writing data
# at 3125 transfer done
# write random value to TCR at 3125
# at 3140 start to read data at address 'h1
# at 3175 end of read transfer
# at 3175 wdata=45 rdata=45
# ====================================PASS=============================
# TEST NO . 29
# 
# at 3190 start write data = 'h65 to address = 'h1
# at 3200 acces phase of writing data
# at 3225 transfer done
# write random value to TCR at 3225
# at 3240 start to read data at address 'h1
# at 3275 end of read transfer
# at 3275 wdata=101 rdata=101
# ====================================PASS=============================
# TEST NO . 30
# 
# at 3290 start write data = 'h63 to address = 'h1
# at 3300 acces phase of writing data
# at 3325 transfer done
# write random value to TCR at 3325
# at 3340 start to read data at address 'h1
# at 3375 end of read transfer
# at 3375 wdata=99 rdata=99
# ====================================PASS=============================
# TEST NO . 31
# 
# at 3390 start write data = 'ha to address = 'h1
# at 3400 acces phase of writing data
# at 3425 transfer done
# write random value to TCR at 3425
# at 3440 start to read data at address 'h1
# at 3475 end of read transfer
# at 3475 wdata=10 rdata=10
# ====================================PASS=============================
# TEST NO . 32
# 
# at 3490 start write data = 'h80 to address = 'h1
# at 3500 acces phase of writing data
# at 3525 transfer done
# write random value to TCR at 3525
# at 3540 start to read data at address 'h1
# at 3575 end of read transfer
# at 3575 wdata=128 rdata=128
# ====================================PASS=============================
# TEST NO . 33
# 
# at 3590 start write data = 'h20 to address = 'h1
# at 3600 acces phase of writing data
# at 3625 transfer done
# write random value to TCR at 3625
# at 3640 start to read data at address 'h1
# at 3675 end of read transfer
# at 3675 wdata=32 rdata=32
# ====================================PASS=============================
# TEST NO . 34
# 
# at 3690 start write data = 'haa to address = 'h1
# at 3700 acces phase of writing data
# at 3725 transfer done
# write random value to TCR at 3725
# at 3740 start to read data at address 'h1
# at 3775 end of read transfer
# at 3775 wdata=170 rdata=170
# ====================================PASS=============================
# TEST NO . 35
# 
# at 3790 start write data = 'h9d to address = 'h1
# at 3800 acces phase of writing data
# at 3825 transfer done
# write random value to TCR at 3825
# at 3840 start to read data at address 'h1
# at 3875 end of read transfer
# at 3875 wdata=157 rdata=157
# ====================================PASS=============================
# TEST NO . 36
# 
# at 3890 start write data = 'h96 to address = 'h1
# at 3900 acces phase of writing data
# at 3925 transfer done
# write random value to TCR at 3925
# at 3940 start to read data at address 'h1
# at 3975 end of read transfer
# at 3975 wdata=150 rdata=150
# ====================================PASS=============================
# TEST NO . 37
# 
# at 3990 start write data = 'h13 to address = 'h1
# at 4000 acces phase of writing data
# at 4025 transfer done
# write random value to TCR at 4025
# at 4040 start to read data at address 'h1
# at 4075 end of read transfer
# at 4075 wdata=19 rdata=19
# ====================================PASS=============================
# TEST NO . 38
# 
# at 4090 start write data = 'hd to address = 'h1
# at 4100 acces phase of writing data
# at 4125 transfer done
# write random value to TCR at 4125
# at 4140 start to read data at address 'h1
# at 4175 end of read transfer
# at 4175 wdata=13 rdata=13
# ====================================PASS=============================
# TEST NO . 39
# 
# at 4190 start write data = 'h53 to address = 'h1
# at 4200 acces phase of writing data
# at 4225 transfer done
# write random value to TCR at 4225
# at 4240 start to read data at address 'h1
# at 4275 end of read transfer
# at 4275 wdata=83 rdata=83
# ====================================PASS=============================
# TEST NO . 40
# 
# at 4290 start write data = 'h6b to address = 'h1
# at 4300 acces phase of writing data
# at 4325 transfer done
# write random value to TCR at 4325
# at 4340 start to read data at address 'h1
# at 4375 end of read transfer
# at 4375 wdata=107 rdata=107
# ====================================PASS=============================
# TEST NO . 41
# 
# at 4390 start write data = 'hd5 to address = 'h1
# at 4400 acces phase of writing data
# at 4425 transfer done
# write random value to TCR at 4425
# at 4440 start to read data at address 'h1
# at 4475 end of read transfer
# at 4475 wdata=213 rdata=213
# ====================================PASS=============================
# TEST NO . 42
# 
# at 4490 start write data = 'h2 to address = 'h1
# at 4500 acces phase of writing data
# at 4525 transfer done
# write random value to TCR at 4525
# at 4540 start to read data at address 'h1
# at 4575 end of read transfer
# at 4575 wdata=2 rdata=2
# ====================================PASS=============================
# TEST NO . 43
# 
# at 4590 start write data = 'hae to address = 'h1
# at 4600 acces phase of writing data
# at 4625 transfer done
# write random value to TCR at 4625
# at 4640 start to read data at address 'h1
# at 4675 end of read transfer
# at 4675 wdata=174 rdata=174
# ====================================PASS=============================
# TEST NO . 44
# 
# at 4690 start write data = 'h1d to address = 'h1
# at 4700 acces phase of writing data
# at 4725 transfer done
# write random value to TCR at 4725
# at 4740 start to read data at address 'h1
# at 4775 end of read transfer
# at 4775 wdata=29 rdata=29
# ====================================PASS=============================
# TEST NO . 45
# 
# at 4790 start write data = 'hcf to address = 'h1
# at 4800 acces phase of writing data
# at 4825 transfer done
# write random value to TCR at 4825
# at 4840 start to read data at address 'h1
# at 4875 end of read transfer
# at 4875 wdata=207 rdata=207
# ====================================PASS=============================
# TEST NO . 46
# 
# at 4890 start write data = 'h23 to address = 'h1
# at 4900 acces phase of writing data
# at 4925 transfer done
# write random value to TCR at 4925
# at 4940 start to read data at address 'h1
# at 4975 end of read transfer
# at 4975 wdata=35 rdata=35
# ====================================PASS=============================
# TEST NO . 47
# 
# at 4990 start write data = 'ha to address = 'h1
# at 5000 acces phase of writing data
# at 5025 transfer done
# write random value to TCR at 5025
# at 5040 start to read data at address 'h1
# at 5075 end of read transfer
# at 5075 wdata=10 rdata=10
# ====================================PASS=============================
# TEST NO . 48
# 
# at 5090 start write data = 'hca to address = 'h1
# at 5100 acces phase of writing data
# at 5125 transfer done
# write random value to TCR at 5125
# at 5140 start to read data at address 'h1
# at 5175 end of read transfer
# at 5175 wdata=202 rdata=202
# ====================================PASS=============================
# TEST NO . 49
# 
# at 5190 start write data = 'h3c to address = 'h1
# at 5200 acces phase of writing data
# at 5225 transfer done
# write random value to TCR at 5225
# at 5240 start to read data at address 'h1
# at 5275 end of read transfer
# at 5275 wdata=60 rdata=60
# ====================================PASS=============================
# ===================================
# ================PASS===============
# ===================================
